<?xml version="1.0" encoding="UTF-8"?>
<!-- Generated by org.testng.reporters.JUnitXMLReporter -->
<testsuite hostname="KQSPL" name="Invalid_LastName" tests="4" failures="0" timestamp="2 Apr 2015 10:10:45 GMT" time="151.882" errors="0">
  <testcase name="invalidLastName" time="19.39" classname="com.linkedIn.loginPage.Index.LoginPageIndex"/>
  <testcase name="invalidLastName" time="31.989" classname="com.linkedIn.loginPage.Index.LoginPageIndex"/>
  <testcase name="invalidLastName" time="32.468" classname="com.linkedIn.loginPage.Index.LoginPageIndex"/>
  <testcase name="invalidLastName" time="31.479" classname="com.linkedIn.loginPage.Index.LoginPageIndex"/>
</testsuite> <!-- Invalid_LastName -->
