<?xml version="1.0" encoding="UTF-8"?>
<!-- Generated by org.testng.reporters.JUnitXMLReporter -->
<testsuite hostname="KQSPL" name="Invalid_LastName" tests="4" failures="0" timestamp="27 Mar 2015 13:11:04 GMT" time="170.265" errors="0">
  <testcase name="invalidLastName" time="18.189" classname="com.linkedIn.loginPage.Index.LoginPageIndex"/>
  <testcase name="invalidLastName" time="34.665" classname="com.linkedIn.loginPage.Index.LoginPageIndex"/>
  <testcase name="invalidLastName" time="31.172" classname="com.linkedIn.loginPage.Index.LoginPageIndex"/>
  <testcase name="invalidLastName" time="35.234" classname="com.linkedIn.loginPage.Index.LoginPageIndex"/>
</testsuite> <!-- Invalid_LastName -->
