<?xml version="1.0" encoding="UTF-8"?>
<!-- Generated by org.testng.reporters.JUnitXMLReporter -->
<testsuite hostname="KQSPL" name="Invalid_FirstName" tests="4" failures="0" timestamp="27 Mar 2015 13:08:14 GMT" time="204.198" errors="0">
  <testcase name="invalidFirstname" time="18.217" classname="com.linkedIn.loginPage.Index.LoginPageIndex"/>
  <testcase name="invalidFirstname" time="31.408" classname="com.linkedIn.loginPage.Index.LoginPageIndex"/>
  <testcase name="invalidFirstname" time="34.978" classname="com.linkedIn.loginPage.Index.LoginPageIndex"/>
  <testcase name="invalidFirstname" time="34.565" classname="com.linkedIn.loginPage.Index.LoginPageIndex"/>
</testsuite> <!-- Invalid_FirstName -->
