<?xml version="1.0" encoding="UTF-8"?>
<!-- Generated by org.testng.reporters.JUnitXMLReporter -->
<testsuite hostname="KQSPL" name="Invalid_FirstName" tests="4" failures="0" timestamp="2 Apr 2015 10:08:13 GMT" time="172.87" errors="0">
  <testcase name="invalidFirstname" time="19.663" classname="com.linkedIn.loginPage.Index.LoginPageIndex"/>
  <testcase name="invalidFirstname" time="31.58" classname="com.linkedIn.loginPage.Index.LoginPageIndex"/>
  <testcase name="invalidFirstname" time="32.034" classname="com.linkedIn.loginPage.Index.LoginPageIndex"/>
  <testcase name="invalidFirstname" time="55.389" classname="com.linkedIn.loginPage.Index.LoginPageIndex"/>
</testsuite> <!-- Invalid_FirstName -->
