<?xml version="1.0" encoding="UTF-8"?>
<!-- Generated by org.testng.reporters.JUnitXMLReporter -->
<testsuite hostname="KQSPL" name="Invalid_Emailid" tests="18" failures="0" timestamp="2 Apr 2015 10:21:11 GMT" time="626.222" errors="0">
  <testcase name="invalid_emailid" time="41.106" classname="com.linkedIn.loginPage.Index.LoginPageIndex"/>
  <testcase name="invalid_emailid" time="21.856" classname="com.linkedIn.loginPage.Index.LoginPageIndex"/>
  <testcase name="invalid_emailid" time="21.086" classname="com.linkedIn.loginPage.Index.LoginPageIndex"/>
  <testcase name="invalid_emailid" time="21.215" classname="com.linkedIn.loginPage.Index.LoginPageIndex"/>
  <testcase name="invalid_emailid" time="21.053" classname="com.linkedIn.loginPage.Index.LoginPageIndex"/>
  <testcase name="invalid_emailid" time="21.123" classname="com.linkedIn.loginPage.Index.LoginPageIndex"/>
  <testcase name="invalid_emailid" time="34.047" classname="com.linkedIn.loginPage.Index.LoginPageIndex"/>
  <testcase name="invalid_emailid" time="32.963" classname="com.linkedIn.loginPage.Index.LoginPageIndex"/>
  <testcase name="invalid_emailid" time="21.379" classname="com.linkedIn.loginPage.Index.LoginPageIndex"/>
  <testcase name="invalid_emailid" time="21.368" classname="com.linkedIn.loginPage.Index.LoginPageIndex"/>
  <testcase name="invalid_emailid" time="21.25" classname="com.linkedIn.loginPage.Index.LoginPageIndex"/>
  <testcase name="invalid_emailid" time="33.621" classname="com.linkedIn.loginPage.Index.LoginPageIndex"/>
  <testcase name="invalid_emailid" time="32.794" classname="com.linkedIn.loginPage.Index.LoginPageIndex"/>
  <testcase name="invalid_emailid" time="21.53" classname="com.linkedIn.loginPage.Index.LoginPageIndex"/>
  <testcase name="invalid_emailid" time="33.301" classname="com.linkedIn.loginPage.Index.LoginPageIndex"/>
  <testcase name="invalid_emailid" time="33.259" classname="com.linkedIn.loginPage.Index.LoginPageIndex"/>
  <testcase name="invalid_emailid" time="21.241" classname="com.linkedIn.loginPage.Index.LoginPageIndex"/>
  <testcase name="invalid_emailid" time="32.582" classname="com.linkedIn.loginPage.Index.LoginPageIndex"/>
</testsuite> <!-- Invalid_Emailid -->
