<?xml version="1.0" encoding="UTF-8"?>
<!-- Generated by org.testng.reporters.JUnitXMLReporter -->
<testsuite hostname="KQSPL" name="Invalid_Emailid" tests="18" failures="0" timestamp="27 Mar 2015 13:22:39 GMT" time="694.819" errors="0">
  <testcase name="invalid_emailid" time="33.323" classname="com.linkedIn.loginPage.Index.LoginPageIndex"/>
  <testcase name="invalid_emailid" time="18.391" classname="com.linkedIn.loginPage.Index.LoginPageIndex"/>
  <testcase name="invalid_emailid" time="18.393" classname="com.linkedIn.loginPage.Index.LoginPageIndex"/>
  <testcase name="invalid_emailid" time="18.389" classname="com.linkedIn.loginPage.Index.LoginPageIndex"/>
  <testcase name="invalid_emailid" time="18.077" classname="com.linkedIn.loginPage.Index.LoginPageIndex"/>
  <testcase name="invalid_emailid" time="20.722" classname="com.linkedIn.loginPage.Index.LoginPageIndex"/>
  <testcase name="invalid_emailid" time="34.594" classname="com.linkedIn.loginPage.Index.LoginPageIndex"/>
  <testcase name="invalid_emailid" time="36.283" classname="com.linkedIn.loginPage.Index.LoginPageIndex"/>
  <testcase name="invalid_emailid" time="18.799" classname="com.linkedIn.loginPage.Index.LoginPageIndex"/>
  <testcase name="invalid_emailid" time="20.9" classname="com.linkedIn.loginPage.Index.LoginPageIndex"/>
  <testcase name="invalid_emailid" time="19.037" classname="com.linkedIn.loginPage.Index.LoginPageIndex"/>
  <testcase name="invalid_emailid" time="35.028" classname="com.linkedIn.loginPage.Index.LoginPageIndex"/>
  <testcase name="invalid_emailid" time="31.983" classname="com.linkedIn.loginPage.Index.LoginPageIndex"/>
  <testcase name="invalid_emailid" time="18.58" classname="com.linkedIn.loginPage.Index.LoginPageIndex"/>
  <testcase name="invalid_emailid" time="33.053" classname="com.linkedIn.loginPage.Index.LoginPageIndex"/>
  <testcase name="invalid_emailid" time="36.014" classname="com.linkedIn.loginPage.Index.LoginPageIndex"/>
  <testcase name="invalid_emailid" time="18.76" classname="com.linkedIn.loginPage.Index.LoginPageIndex"/>
  <testcase name="invalid_emailid" time="31.594" classname="com.linkedIn.loginPage.Index.LoginPageIndex"/>
</testsuite> <!-- Invalid_Emailid -->
