<?xml version="1.0" encoding="UTF-8"?>
<testng-results skipped="0" failed="0" total="32" passed="32">
  <reporter-output>
    <line>
      <![CDATA[<h3> <font color=#00FF00> Passed--<img src="passed.png"/>--</font> </h2></br></br>]]>
    </line>
    <line>
      <![CDATA[<font color=238E23>--<img src="passed.png"/></font></br></br>]]>
    </line>
    <line>
      <![CDATA[<h3> <font color=#00FF00> Passed--<img src="passed.png"/>--</font> </h2></br></br>]]>
    </line>
    <line>
      <![CDATA[<font color=238E23>--<img src="passed.png"/></font></br></br>]]>
    </line>
    <line>
      <![CDATA[<h3> <font color=#00FF00> Passed--<img src="passed.png"/>--</font> </h2></br></br>]]>
    </line>
    <line>
      <![CDATA[<font color=238E23>--<img src="passed.png"/></font></br></br>]]>
    </line>
    <line>
      <![CDATA[<h3> <font color=#00FF00> Passed--<img src="passed.png"/>--</font> </h2></br></br>]]>
    </line>
    <line>
      <![CDATA[<font color=238E23>--<img src="passed.png"/></font></br></br>]]>
    </line>
    <line>
      <![CDATA[<h3> <font color=#00FF00> Passed--<img src="passed.png"/>--</font> </h2></br></br>]]>
    </line>
    <line>
      <![CDATA[<font color=238E23>--<img src="passed.png"/></font></br></br>]]>
    </line>
    <line>
      <![CDATA[<h3> <font color=#00FF00> Passed--<img src="passed.png"/>--</font> </h2></br></br>]]>
    </line>
    <line>
      <![CDATA[<font color=238E23>--<img src="passed.png"/></font></br></br>]]>
    </line>
    <line>
      <![CDATA[<h3> <font color=#00FF00> Passed--<img src="passed.png"/>--</font> </h2></br></br>]]>
    </line>
    <line>
      <![CDATA[<font color=238E23>--<img src="passed.png"/></font></br></br>]]>
    </line>
    <line>
      <![CDATA[<h3> <font color=#00FF00> Passed--<img src="passed.png"/>--</font> </h2></br></br>]]>
    </line>
    <line>
      <![CDATA[<font color=238E23>--<img src="passed.png"/></font></br></br>]]>
    </line>
    <line>
      <![CDATA[<h3> <font color=#00FF00> Passed--<img src="passed.png"/>--</font> </h2></br></br>]]>
    </line>
    <line>
      <![CDATA[<font color=238E23>--<img src="passed.png"/></font></br></br>]]>
    </line>
    <line>
      <![CDATA[<h3> <font color=#00FF00> Passed--<img src="passed.png"/>--</font> </h2></br></br>]]>
    </line>
    <line>
      <![CDATA[<font color=238E23>--<img src="passed.png"/></font></br></br>]]>
    </line>
    <line>
      <![CDATA[<h3> <font color=#00FF00> Passed--<img src="passed.png"/>--</font> </h2></br></br>]]>
    </line>
    <line>
      <![CDATA[<font color=238E23>--<img src="passed.png"/></font></br></br>]]>
    </line>
    <line>
      <![CDATA[<h3> <font color=#00FF00> Passed--<img src="passed.png"/>--</font> </h2></br></br>]]>
    </line>
    <line>
      <![CDATA[<font color=238E23>--<img src="passed.png"/></font></br></br>]]>
    </line>
    <line>
      <![CDATA[<h3> <font color=#00FF00> Passed--<img src="passed.png"/>--</font> </h2></br></br>]]>
    </line>
    <line>
      <![CDATA[<font color=238E23>--<img src="passed.png"/></font></br></br>]]>
    </line>
    <line>
      <![CDATA[<h3> <font color=#00FF00> Passed--<img src="passed.png"/>--</font> </h2></br></br>]]>
    </line>
    <line>
      <![CDATA[<font color=238E23>--<img src="passed.png"/></font></br></br>]]>
    </line>
    <line>
      <![CDATA[<h3> <font color=#00FF00> Passed--<img src="passed.png"/>--</font> </h2></br></br>]]>
    </line>
    <line>
      <![CDATA[<font color=238E23>--<img src="passed.png"/></font></br></br>]]>
    </line>
    <line>
      <![CDATA[<h3> <font color=#00FF00> Passed--<img src="passed.png"/>--</font> </h2></br></br>]]>
    </line>
    <line>
      <![CDATA[<font color=238E23>--<img src="passed.png"/></font></br></br>]]>
    </line>
    <line>
      <![CDATA[<h3> <font color=#00FF00> Passed--<img src="passed.png"/>--</font> </h2></br></br>]]>
    </line>
    <line>
      <![CDATA[<font color=238E23>--<img src="passed.png"/></font></br></br>]]>
    </line>
    <line>
      <![CDATA[<h3> <font color=#00FF00> Passed--<img src="passed.png"/>--</font> </h2></br></br>]]>
    </line>
    <line>
      <![CDATA[<font color=238E23>--<img src="passed.png"/></font></br></br>]]>
    </line>
    <line>
      <![CDATA[<h3> <font color=#00FF00> Passed--<img src="passed.png"/>--</font> </h2></br></br>]]>
    </line>
    <line>
      <![CDATA[<font color=238E23>--<img src="passed.png"/></font></br></br>]]>
    </line>
    <line>
      <![CDATA[<h3> <font color=#00FF00> Passed--<img src="passed.png"/>--</font> </h2></br></br>]]>
    </line>
    <line>
      <![CDATA[<font color=238E23>--<img src="passed.png"/></font></br></br>]]>
    </line>
    <line>
      <![CDATA[<h3> <font color=#00FF00> Passed--<img src="passed.png"/>--</font> </h2></br></br>]]>
    </line>
    <line>
      <![CDATA[<font color=238E23>--<img src="passed.png"/></font></br></br>]]>
    </line>
    <line>
      <![CDATA[<h3> <font color=#00FF00> Passed--<img src="passed.png"/>--</font> </h2></br></br>]]>
    </line>
    <line>
      <![CDATA[<font color=238E23>--<img src="passed.png"/></font></br></br>]]>
    </line>
    <line>
      <![CDATA[<h3> <font color=#00FF00> Passed--<img src="passed.png"/>--</font> </h2></br></br>]]>
    </line>
    <line>
      <![CDATA[<font color=238E23>--<img src="passed.png"/></font></br></br>]]>
    </line>
    <line>
      <![CDATA[<h3> <font color=#00FF00> Passed--<img src="passed.png"/>--</font> </h2></br></br>]]>
    </line>
    <line>
      <![CDATA[<font color=238E23>--<img src="passed.png"/></font></br></br>]]>
    </line>
    <line>
      <![CDATA[<h3> <font color=#00FF00> Passed--<img src="passed.png"/>--</font> </h2></br></br>]]>
    </line>
    <line>
      <![CDATA[<font color=238E23>--<img src="passed.png"/></font></br></br>]]>
    </line>
    <line>
      <![CDATA[<h3> <font color=#00FF00> Passed--<img src="passed.png"/>--</font> </h2></br></br>]]>
    </line>
    <line>
      <![CDATA[<font color=238E23>--<img src="passed.png"/></font></br></br>]]>
    </line>
    <line>
      <![CDATA[<h3> <font color=#00FF00> Passed--<img src="passed.png"/>--</font> </h2></br></br>]]>
    </line>
    <line>
      <![CDATA[<font color=238E23>--<img src="passed.png"/></font></br></br>]]>
    </line>
    <line>
      <![CDATA[<h3> <font color=#00FF00> Passed--<img src="passed.png"/>--</font> </h2></br></br>]]>
    </line>
    <line>
      <![CDATA[<font color=238E23>--<img src="passed.png"/></font></br></br>]]>
    </line>
    <line>
      <![CDATA[<h3> <font color=#00FF00> Passed--<img src="passed.png"/>--</font> </h2></br></br>]]>
    </line>
    <line>
      <![CDATA[<font color=238E23>--<img src="passed.png"/></font></br></br>]]>
    </line>
    <line>
      <![CDATA[<h3> <font color=#00FF00> Passed--<img src="passed.png"/>--</font> </h2></br></br>]]>
    </line>
    <line>
      <![CDATA[<font color=238E23>--<img src="passed.png"/></font></br></br>]]>
    </line>
    <line>
      <![CDATA[<h3> <font color=#00FF00> Passed--<img src="passed.png"/>--</font> </h2></br></br>]]>
    </line>
    <line>
      <![CDATA[<font color=238E23>--<img src="passed.png"/></font></br></br>]]>
    </line>
    <line>
      <![CDATA[<h3> <font color=#00FF00> Passed--<img src="passed.png"/>--</font> </h2></br></br>]]>
    </line>
    <line>
      <![CDATA[<font color=238E23>--<img src="passed.png"/></font></br></br>]]>
    </line>
  </reporter-output>
  <suite name="suite" duration-ms="1196031" started-at="2015-03-27T13:02:43Z" finished-at="2015-03-27T13:22:39Z">
    <groups>
    </groups>
    <test name="Verify_Register_Page" duration-ms="20052" started-at="2015-03-27T13:02:43Z" finished-at="2015-03-27T13:03:03Z">
      <class name="com.linkedIn.loginPage.Index.LoginPageIndex">
        <test-method status="PASS" signature="fetchSuiteConfiguration(org.testng.ITestContext)[pri:0, instance:com.linkedIn.loginPage.Index.LoginPageIndex@a3aaf5]" name="fetchSuiteConfiguration" is-config="true" duration-ms="0" started-at="2015-03-27T18:32:43Z" finished-at="2015-03-27T18:32:43Z">
          <params>
            <param index="0">
              <value>
                <![CDATA[org.testng.TestRunner@17a0171]]>
              </value>
            </param>
          </params>
          <reporter-output>
          </reporter-output>
        </test-method> <!-- fetchSuiteConfiguration -->
        <test-method status="PASS" signature="setUp(java.lang.reflect.Method)[pri:0, instance:com.linkedIn.loginPage.Index.LoginPageIndex@a3aaf5]" name="setUp" is-config="true" duration-ms="11517" started-at="2015-03-27T18:32:43Z" finished-at="2015-03-27T18:32:55Z">
          <params>
            <param index="0">
              <value>
                <![CDATA[public void com.linkedIn.loginPage.Index.LoginPageIndex.verifyRegisterPage()]]>
              </value>
            </param>
          </params>
          <reporter-output>
          </reporter-output>
        </test-method> <!-- setUp -->
        <test-method status="PASS" signature="verifyRegisterPage()[pri:0, instance:com.linkedIn.loginPage.Index.LoginPageIndex@a3aaf5]" name="verifyRegisterPage" duration-ms="7086" started-at="2015-03-27T18:32:55Z" finished-at="2015-03-27T18:33:02Z">
          <reporter-output>
          </reporter-output>
        </test-method> <!-- verifyRegisterPage -->
        <test-method status="PASS" signature="tearDown(org.testng.ITestResult)[pri:0, instance:com.linkedIn.loginPage.Index.LoginPageIndex@a3aaf5]" name="tearDown" is-config="true" duration-ms="1449" started-at="2015-03-27T18:33:02Z" finished-at="2015-03-27T18:33:03Z">
          <params>
            <param index="0">
              <value>
                <![CDATA[[TestResult name=verifyRegisterPage status=SUCCESS method=LoginPageIndex.verifyRegisterPage()[pri:0, instance:com.linkedIn.loginPage.Index.LoginPageIndex@a3aaf5] output={null}]]]>
              </value>
            </param>
          </params>
          <reporter-output>
            <line>
              <![CDATA[<h3> <font color=#00FF00> Passed--<img src="passed.png"/>--</font> </h2></br></br>]]>
            </line>
            <line>
              <![CDATA[<font color=238E23>--<img src="passed.png"/></font></br></br>]]>
            </line>
          </reporter-output>
        </test-method> <!-- tearDown -->
      </class> <!-- com.linkedIn.loginPage.Index.LoginPageIndex -->
    </test> <!-- Verify_Register_Page -->
    <test name="Verify_Label_onPage" duration-ms="17241" started-at="2015-03-27T13:03:03Z" finished-at="2015-03-27T13:03:20Z">
      <class name="com.linkedIn.loginPage.Index.LoginPageIndex">
        <test-method status="PASS" signature="fetchSuiteConfiguration(org.testng.ITestContext)[pri:0, instance:com.linkedIn.loginPage.Index.LoginPageIndex@84e723]" name="fetchSuiteConfiguration" is-config="true" duration-ms="0" started-at="2015-03-27T18:33:03Z" finished-at="2015-03-27T18:33:03Z">
          <params>
            <param index="0">
              <value>
                <![CDATA[org.testng.TestRunner@1a71c51]]>
              </value>
            </param>
          </params>
          <reporter-output>
          </reporter-output>
        </test-method> <!-- fetchSuiteConfiguration -->
        <test-method status="PASS" signature="setUp(java.lang.reflect.Method)[pri:0, instance:com.linkedIn.loginPage.Index.LoginPageIndex@84e723]" name="setUp" is-config="true" duration-ms="10420" started-at="2015-03-27T18:33:03Z" finished-at="2015-03-27T18:33:14Z">
          <params>
            <param index="0">
              <value>
                <![CDATA[public void com.linkedIn.loginPage.Index.LoginPageIndex.verifyLabelinPage()]]>
              </value>
            </param>
          </params>
          <reporter-output>
          </reporter-output>
        </test-method> <!-- setUp -->
        <test-method status="PASS" signature="verifyLabelinPage()[pri:0, instance:com.linkedIn.loginPage.Index.LoginPageIndex@84e723]" name="verifyLabelinPage" duration-ms="5434" started-at="2015-03-27T18:33:14Z" finished-at="2015-03-27T18:33:19Z">
          <reporter-output>
          </reporter-output>
        </test-method> <!-- verifyLabelinPage -->
        <test-method status="PASS" signature="tearDown(org.testng.ITestResult)[pri:0, instance:com.linkedIn.loginPage.Index.LoginPageIndex@84e723]" name="tearDown" is-config="true" duration-ms="1387" started-at="2015-03-27T18:33:19Z" finished-at="2015-03-27T18:33:20Z">
          <params>
            <param index="0">
              <value>
                <![CDATA[[TestResult name=verifyLabelinPage status=SUCCESS method=LoginPageIndex.verifyLabelinPage()[pri:0, instance:com.linkedIn.loginPage.Index.LoginPageIndex@84e723] output={null}]]]>
              </value>
            </param>
          </params>
          <reporter-output>
            <line>
              <![CDATA[<h3> <font color=#00FF00> Passed--<img src="passed.png"/>--</font> </h2></br></br>]]>
            </line>
            <line>
              <![CDATA[<font color=238E23>--<img src="passed.png"/></font></br></br>]]>
            </line>
          </reporter-output>
        </test-method> <!-- tearDown -->
      </class> <!-- com.linkedIn.loginPage.Index.LoginPageIndex -->
    </test> <!-- Verify_Label_onPage -->
    <test name="Verify_Mendatory_Fields" duration-ms="18713" started-at="2015-03-27T13:03:20Z" finished-at="2015-03-27T13:03:39Z">
      <class name="com.linkedIn.loginPage.Index.LoginPageIndex">
        <test-method status="PASS" signature="setUp(java.lang.reflect.Method)[pri:0, instance:com.linkedIn.loginPage.Index.LoginPageIndex@11733a5]" name="setUp" is-config="true" duration-ms="9739" started-at="2015-03-27T18:33:20Z" finished-at="2015-03-27T18:33:30Z">
          <params>
            <param index="0">
              <value>
                <![CDATA[public void com.linkedIn.loginPage.Index.LoginPageIndex.verifyMendatoryFields()]]>
              </value>
            </param>
          </params>
          <reporter-output>
          </reporter-output>
        </test-method> <!-- setUp -->
        <test-method status="PASS" signature="fetchSuiteConfiguration(org.testng.ITestContext)[pri:0, instance:com.linkedIn.loginPage.Index.LoginPageIndex@11733a5]" name="fetchSuiteConfiguration" is-config="true" duration-ms="0" started-at="2015-03-27T18:33:20Z" finished-at="2015-03-27T18:33:20Z">
          <params>
            <param index="0">
              <value>
                <![CDATA[org.testng.TestRunner@3438d9]]>
              </value>
            </param>
          </params>
          <reporter-output>
          </reporter-output>
        </test-method> <!-- fetchSuiteConfiguration -->
        <test-method status="PASS" signature="verifyMendatoryFields()[pri:0, instance:com.linkedIn.loginPage.Index.LoginPageIndex@11733a5]" name="verifyMendatoryFields" duration-ms="7570" started-at="2015-03-27T18:33:30Z" finished-at="2015-03-27T18:33:38Z">
          <reporter-output>
          </reporter-output>
        </test-method> <!-- verifyMendatoryFields -->
        <test-method status="PASS" signature="tearDown(org.testng.ITestResult)[pri:0, instance:com.linkedIn.loginPage.Index.LoginPageIndex@11733a5]" name="tearDown" is-config="true" duration-ms="1404" started-at="2015-03-27T18:33:38Z" finished-at="2015-03-27T18:33:39Z">
          <params>
            <param index="0">
              <value>
                <![CDATA[[TestResult name=verifyMendatoryFields status=SUCCESS method=LoginPageIndex.verifyMendatoryFields()[pri:0, instance:com.linkedIn.loginPage.Index.LoginPageIndex@11733a5] output={null}]]]>
              </value>
            </param>
          </params>
          <reporter-output>
            <line>
              <![CDATA[<h3> <font color=#00FF00> Passed--<img src="passed.png"/>--</font> </h2></br></br>]]>
            </line>
            <line>
              <![CDATA[<font color=238E23>--<img src="passed.png"/></font></br></br>]]>
            </line>
          </reporter-output>
        </test-method> <!-- tearDown -->
      </class> <!-- com.linkedIn.loginPage.Index.LoginPageIndex -->
    </test> <!-- Verify_Mendatory_Fields -->
    <test name="Verify_Button_Functionality" duration-ms="14778" started-at="2015-03-27T13:03:39Z" finished-at="2015-03-27T13:03:54Z">
      <class name="com.linkedIn.loginPage.Index.LoginPageIndex">
        <test-method status="PASS" signature="setUp(java.lang.reflect.Method)[pri:0, instance:com.linkedIn.loginPage.Index.LoginPageIndex@af683a]" name="setUp" is-config="true" duration-ms="9100" started-at="2015-03-27T18:33:39Z" finished-at="2015-03-27T18:33:48Z">
          <params>
            <param index="0">
              <value>
                <![CDATA[public void com.linkedIn.loginPage.Index.LoginPageIndex.verifyJoinnowButton()]]>
              </value>
            </param>
          </params>
          <reporter-output>
          </reporter-output>
        </test-method> <!-- setUp -->
        <test-method status="PASS" signature="fetchSuiteConfiguration(org.testng.ITestContext)[pri:0, instance:com.linkedIn.loginPage.Index.LoginPageIndex@af683a]" name="fetchSuiteConfiguration" is-config="true" duration-ms="0" started-at="2015-03-27T18:33:39Z" finished-at="2015-03-27T18:33:39Z">
          <params>
            <param index="0">
              <value>
                <![CDATA[org.testng.TestRunner@804b62]]>
              </value>
            </param>
          </params>
          <reporter-output>
          </reporter-output>
        </test-method> <!-- fetchSuiteConfiguration -->
        <test-method status="PASS" signature="verifyJoinnowButton()[pri:0, instance:com.linkedIn.loginPage.Index.LoginPageIndex@af683a]" name="verifyJoinnowButton" duration-ms="4253" started-at="2015-03-27T18:33:48Z" finished-at="2015-03-27T18:33:52Z">
          <reporter-output>
          </reporter-output>
        </test-method> <!-- verifyJoinnowButton -->
        <test-method status="PASS" signature="tearDown(org.testng.ITestResult)[pri:0, instance:com.linkedIn.loginPage.Index.LoginPageIndex@af683a]" name="tearDown" is-config="true" duration-ms="1425" started-at="2015-03-27T18:33:52Z" finished-at="2015-03-27T18:33:54Z">
          <params>
            <param index="0">
              <value>
                <![CDATA[[TestResult name=verifyJoinnowButton status=SUCCESS method=LoginPageIndex.verifyJoinnowButton()[pri:0, instance:com.linkedIn.loginPage.Index.LoginPageIndex@af683a] output={null}]]]>
              </value>
            </param>
          </params>
          <reporter-output>
            <line>
              <![CDATA[<h3> <font color=#00FF00> Passed--<img src="passed.png"/>--</font> </h2></br></br>]]>
            </line>
            <line>
              <![CDATA[<font color=238E23>--<img src="passed.png"/></font></br></br>]]>
            </line>
          </reporter-output>
        </test-method> <!-- tearDown -->
      </class> <!-- com.linkedIn.loginPage.Index.LoginPageIndex -->
    </test> <!-- Verify_Button_Functionality -->
    <test name="Click_Button_Functionality" duration-ms="19030" started-at="2015-03-27T13:03:54Z" finished-at="2015-03-27T13:04:13Z">
      <class name="com.linkedIn.loginPage.Index.LoginPageIndex">
        <test-method status="PASS" signature="fetchSuiteConfiguration(org.testng.ITestContext)[pri:0, instance:com.linkedIn.loginPage.Index.LoginPageIndex@1d66c39]" name="fetchSuiteConfiguration" is-config="true" duration-ms="0" started-at="2015-03-27T18:33:54Z" finished-at="2015-03-27T18:33:54Z">
          <params>
            <param index="0">
              <value>
                <![CDATA[org.testng.TestRunner@d54694]]>
              </value>
            </param>
          </params>
          <reporter-output>
          </reporter-output>
        </test-method> <!-- fetchSuiteConfiguration -->
        <test-method status="PASS" signature="setUp(java.lang.reflect.Method)[pri:0, instance:com.linkedIn.loginPage.Index.LoginPageIndex@1d66c39]" name="setUp" is-config="true" duration-ms="9620" started-at="2015-03-27T18:33:54Z" finished-at="2015-03-27T18:34:04Z">
          <params>
            <param index="0">
              <value>
                <![CDATA[public void com.linkedIn.loginPage.Index.LoginPageIndex.clickJoinnowButton()]]>
              </value>
            </param>
          </params>
          <reporter-output>
          </reporter-output>
        </test-method> <!-- setUp -->
        <test-method status="PASS" signature="clickJoinnowButton()[pri:0, instance:com.linkedIn.loginPage.Index.LoginPageIndex@1d66c39]" name="clickJoinnowButton" duration-ms="7959" started-at="2015-03-27T18:34:04Z" finished-at="2015-03-27T18:34:11Z">
          <reporter-output>
          </reporter-output>
        </test-method> <!-- clickJoinnowButton -->
        <test-method status="PASS" signature="tearDown(org.testng.ITestResult)[pri:0, instance:com.linkedIn.loginPage.Index.LoginPageIndex@1d66c39]" name="tearDown" is-config="true" duration-ms="1451" started-at="2015-03-27T18:34:11Z" finished-at="2015-03-27T18:34:13Z">
          <params>
            <param index="0">
              <value>
                <![CDATA[[TestResult name=clickJoinnowButton status=SUCCESS method=LoginPageIndex.clickJoinnowButton()[pri:0, instance:com.linkedIn.loginPage.Index.LoginPageIndex@1d66c39] output={null}]]]>
              </value>
            </param>
          </params>
          <reporter-output>
            <line>
              <![CDATA[<h3> <font color=#00FF00> Passed--<img src="passed.png"/>--</font> </h2></br></br>]]>
            </line>
            <line>
              <![CDATA[<font color=238E23>--<img src="passed.png"/></font></br></br>]]>
            </line>
          </reporter-output>
        </test-method> <!-- tearDown -->
      </class> <!-- com.linkedIn.loginPage.Index.LoginPageIndex -->
    </test> <!-- Click_Button_Functionality -->
    <test name="Textbox_Edit_Functionality" duration-ms="36851" started-at="2015-03-27T13:04:13Z" finished-at="2015-03-27T13:04:50Z">
      <class name="com.linkedIn.loginPage.Index.LoginPageIndex">
        <test-method status="PASS" signature="fetchSuiteConfiguration(org.testng.ITestContext)[pri:0, instance:com.linkedIn.loginPage.Index.LoginPageIndex@3e25d3]" name="fetchSuiteConfiguration" is-config="true" duration-ms="0" started-at="2015-03-27T18:34:13Z" finished-at="2015-03-27T18:34:13Z">
          <params>
            <param index="0">
              <value>
                <![CDATA[org.testng.TestRunner@ccd22]]>
              </value>
            </param>
          </params>
          <reporter-output>
          </reporter-output>
        </test-method> <!-- fetchSuiteConfiguration -->
        <test-method status="PASS" signature="setUp(java.lang.reflect.Method)[pri:0, instance:com.linkedIn.loginPage.Index.LoginPageIndex@3e25d3]" name="setUp" is-config="true" duration-ms="9075" started-at="2015-03-27T18:34:13Z" finished-at="2015-03-27T18:34:22Z">
          <params>
            <param index="0">
              <value>
                <![CDATA[public void com.linkedIn.loginPage.Index.LoginPageIndex.textboxEditFunctionality()]]>
              </value>
            </param>
          </params>
          <reporter-output>
          </reporter-output>
        </test-method> <!-- setUp -->
        <test-method status="PASS" signature="textboxEditFunctionality()[pri:0, instance:com.linkedIn.loginPage.Index.LoginPageIndex@3e25d3]" name="textboxEditFunctionality" duration-ms="25617" started-at="2015-03-27T18:34:22Z" finished-at="2015-03-27T18:34:48Z">
          <reporter-output>
          </reporter-output>
        </test-method> <!-- textboxEditFunctionality -->
        <test-method status="PASS" signature="tearDown(org.testng.ITestResult)[pri:0, instance:com.linkedIn.loginPage.Index.LoginPageIndex@3e25d3]" name="tearDown" is-config="true" duration-ms="2159" started-at="2015-03-27T18:34:48Z" finished-at="2015-03-27T18:34:50Z">
          <params>
            <param index="0">
              <value>
                <![CDATA[[TestResult name=textboxEditFunctionality status=SUCCESS method=LoginPageIndex.textboxEditFunctionality()[pri:0, instance:com.linkedIn.loginPage.Index.LoginPageIndex@3e25d3] output={null}]]]>
              </value>
            </param>
          </params>
          <reporter-output>
            <line>
              <![CDATA[<h3> <font color=#00FF00> Passed--<img src="passed.png"/>--</font> </h2></br></br>]]>
            </line>
            <line>
              <![CDATA[<font color=238E23>--<img src="passed.png"/></font></br></br>]]>
            </line>
          </reporter-output>
        </test-method> <!-- tearDown -->
      </class> <!-- com.linkedIn.loginPage.Index.LoginPageIndex -->
    </test> <!-- Textbox_Edit_Functionality -->
    <test name="Invalid_FirstName" duration-ms="204198" started-at="2015-03-27T13:04:50Z" finished-at="2015-03-27T13:08:14Z">
      <class name="com.linkedIn.loginPage.Index.LoginPageIndex">
        <test-method status="PASS" signature="setUp(java.lang.reflect.Method)[pri:0, instance:com.linkedIn.loginPage.Index.LoginPageIndex@e4436]" name="setUp" is-config="true" duration-ms="46298" started-at="2015-03-27T18:34:50Z" finished-at="2015-03-27T18:35:36Z">
          <params>
            <param index="0">
              <value>
                <![CDATA[public void com.linkedIn.loginPage.Index.LoginPageIndex.invalidFirstname(java.lang.String,int)]]>
              </value>
            </param>
          </params>
          <reporter-output>
          </reporter-output>
        </test-method> <!-- setUp -->
        <test-method status="PASS" signature="fetchSuiteConfiguration(org.testng.ITestContext)[pri:0, instance:com.linkedIn.loginPage.Index.LoginPageIndex@e4436]" name="fetchSuiteConfiguration" is-config="true" duration-ms="0" started-at="2015-03-27T18:34:50Z" finished-at="2015-03-27T18:34:50Z">
          <params>
            <param index="0">
              <value>
                <![CDATA[org.testng.TestRunner@6fa88c]]>
              </value>
            </param>
          </params>
          <reporter-output>
          </reporter-output>
        </test-method> <!-- fetchSuiteConfiguration -->
        <test-method status="PASS" signature="invalidFirstname(java.lang.String, int)[pri:0, instance:com.linkedIn.loginPage.Index.LoginPageIndex@e4436]" name="invalidFirstname" duration-ms="18217" started-at="2015-03-27T18:35:36Z" data-provider="invalidnames" finished-at="2015-03-27T18:35:54Z">
          <params>
            <param index="0">
              <value>
                <![CDATA[]]>
              </value>
            </param>
            <param index="1">
              <value>
                <![CDATA[15]]>
              </value>
            </param>
          </params>
          <reporter-output>
          </reporter-output>
        </test-method> <!-- invalidFirstname -->
        <test-method status="PASS" signature="tearDown(org.testng.ITestResult)[pri:0, instance:com.linkedIn.loginPage.Index.LoginPageIndex@e4436]" name="tearDown" is-config="true" duration-ms="1457" started-at="2015-03-27T18:35:54Z" finished-at="2015-03-27T18:35:56Z">
          <params>
            <param index="0">
              <value>
                <![CDATA[[TestResult name=invalidFirstname status=SUCCESS method=LoginPageIndex.invalidFirstname(java.lang.String, int)[pri:0, instance:com.linkedIn.loginPage.Index.LoginPageIndex@e4436] output={null}]]]>
              </value>
            </param>
          </params>
          <reporter-output>
            <line>
              <![CDATA[<h3> <font color=#00FF00> Passed--<img src="passed.png"/>--</font> </h2></br></br>]]>
            </line>
            <line>
              <![CDATA[<font color=238E23>--<img src="passed.png"/></font></br></br>]]>
            </line>
          </reporter-output>
        </test-method> <!-- tearDown -->
        <test-method status="PASS" signature="setUp(java.lang.reflect.Method)[pri:0, instance:com.linkedIn.loginPage.Index.LoginPageIndex@e4436]" name="setUp" is-config="true" duration-ms="12413" started-at="2015-03-27T18:35:56Z" finished-at="2015-03-27T18:36:08Z">
          <params>
            <param index="0">
              <value>
                <![CDATA[public void com.linkedIn.loginPage.Index.LoginPageIndex.invalidFirstname(java.lang.String,int)]]>
              </value>
            </param>
          </params>
          <reporter-output>
          </reporter-output>
        </test-method> <!-- setUp -->
        <test-method status="PASS" signature="invalidFirstname(java.lang.String, int)[pri:0, instance:com.linkedIn.loginPage.Index.LoginPageIndex@e4436]" name="invalidFirstname" duration-ms="31408" started-at="2015-03-27T18:36:08Z" data-provider="invalidnames" finished-at="2015-03-27T18:36:40Z">
          <params>
            <param index="0">
              <value>
                <![CDATA[ Rahul]]>
              </value>
            </param>
            <param index="1">
              <value>
                <![CDATA[16]]>
              </value>
            </param>
          </params>
          <reporter-output>
          </reporter-output>
        </test-method> <!-- invalidFirstname -->
        <test-method status="PASS" signature="tearDown(org.testng.ITestResult)[pri:0, instance:com.linkedIn.loginPage.Index.LoginPageIndex@e4436]" name="tearDown" is-config="true" duration-ms="1479" started-at="2015-03-27T18:36:40Z" finished-at="2015-03-27T18:36:41Z">
          <params>
            <param index="0">
              <value>
                <![CDATA[[TestResult name=invalidFirstname status=SUCCESS method=LoginPageIndex.invalidFirstname(java.lang.String, int)[pri:0, instance:com.linkedIn.loginPage.Index.LoginPageIndex@e4436] output={null}]]]>
              </value>
            </param>
          </params>
          <reporter-output>
            <line>
              <![CDATA[<h3> <font color=#00FF00> Passed--<img src="passed.png"/>--</font> </h2></br></br>]]>
            </line>
            <line>
              <![CDATA[<font color=238E23>--<img src="passed.png"/></font></br></br>]]>
            </line>
          </reporter-output>
        </test-method> <!-- tearDown -->
        <test-method status="PASS" signature="setUp(java.lang.reflect.Method)[pri:0, instance:com.linkedIn.loginPage.Index.LoginPageIndex@e4436]" name="setUp" is-config="true" duration-ms="9174" started-at="2015-03-27T18:36:41Z" finished-at="2015-03-27T18:36:50Z">
          <params>
            <param index="0">
              <value>
                <![CDATA[public void com.linkedIn.loginPage.Index.LoginPageIndex.invalidFirstname(java.lang.String,int)]]>
              </value>
            </param>
          </params>
          <reporter-output>
          </reporter-output>
        </test-method> <!-- setUp -->
        <test-method status="PASS" signature="invalidFirstname(java.lang.String, int)[pri:0, instance:com.linkedIn.loginPage.Index.LoginPageIndex@e4436]" name="invalidFirstname" duration-ms="34978" started-at="2015-03-27T18:36:50Z" data-provider="invalidnames" finished-at="2015-03-27T18:37:25Z">
          <params>
            <param index="0">
              <value>
                <![CDATA[R@hu!_]]>
              </value>
            </param>
            <param index="1">
              <value>
                <![CDATA[17]]>
              </value>
            </param>
          </params>
          <reporter-output>
          </reporter-output>
        </test-method> <!-- invalidFirstname -->
        <test-method status="PASS" signature="tearDown(org.testng.ITestResult)[pri:0, instance:com.linkedIn.loginPage.Index.LoginPageIndex@e4436]" name="tearDown" is-config="true" duration-ms="1407" started-at="2015-03-27T18:37:25Z" finished-at="2015-03-27T18:37:27Z">
          <params>
            <param index="0">
              <value>
                <![CDATA[[TestResult name=invalidFirstname status=SUCCESS method=LoginPageIndex.invalidFirstname(java.lang.String, int)[pri:0, instance:com.linkedIn.loginPage.Index.LoginPageIndex@e4436] output={null}]]]>
              </value>
            </param>
          </params>
          <reporter-output>
            <line>
              <![CDATA[<h3> <font color=#00FF00> Passed--<img src="passed.png"/>--</font> </h2></br></br>]]>
            </line>
            <line>
              <![CDATA[<font color=238E23>--<img src="passed.png"/></font></br></br>]]>
            </line>
          </reporter-output>
        </test-method> <!-- tearDown -->
        <test-method status="PASS" signature="setUp(java.lang.reflect.Method)[pri:0, instance:com.linkedIn.loginPage.Index.LoginPageIndex@e4436]" name="setUp" is-config="true" duration-ms="11342" started-at="2015-03-27T18:37:27Z" finished-at="2015-03-27T18:37:38Z">
          <params>
            <param index="0">
              <value>
                <![CDATA[public void com.linkedIn.loginPage.Index.LoginPageIndex.invalidFirstname(java.lang.String,int)]]>
              </value>
            </param>
          </params>
          <reporter-output>
          </reporter-output>
        </test-method> <!-- setUp -->
        <test-method status="PASS" signature="invalidFirstname(java.lang.String, int)[pri:0, instance:com.linkedIn.loginPage.Index.LoginPageIndex@e4436]" name="invalidFirstname" duration-ms="34565" started-at="2015-03-27T18:37:38Z" data-provider="invalidnames" finished-at="2015-03-27T18:38:13Z">
          <params>
            <param index="0">
              <value>
                <![CDATA[Rah Ul]]>
              </value>
            </param>
            <param index="1">
              <value>
                <![CDATA[22]]>
              </value>
            </param>
          </params>
          <reporter-output>
          </reporter-output>
        </test-method> <!-- invalidFirstname -->
        <test-method status="PASS" signature="tearDown(org.testng.ITestResult)[pri:0, instance:com.linkedIn.loginPage.Index.LoginPageIndex@e4436]" name="tearDown" is-config="true" duration-ms="1460" started-at="2015-03-27T18:38:13Z" finished-at="2015-03-27T18:38:14Z">
          <params>
            <param index="0">
              <value>
                <![CDATA[[TestResult name=invalidFirstname status=SUCCESS method=LoginPageIndex.invalidFirstname(java.lang.String, int)[pri:0, instance:com.linkedIn.loginPage.Index.LoginPageIndex@e4436] output={null}]]]>
              </value>
            </param>
          </params>
          <reporter-output>
            <line>
              <![CDATA[<h3> <font color=#00FF00> Passed--<img src="passed.png"/>--</font> </h2></br></br>]]>
            </line>
            <line>
              <![CDATA[<font color=238E23>--<img src="passed.png"/></font></br></br>]]>
            </line>
          </reporter-output>
        </test-method> <!-- tearDown -->
      </class> <!-- com.linkedIn.loginPage.Index.LoginPageIndex -->
    </test> <!-- Invalid_FirstName -->
    <test name="Invalid_LastName" duration-ms="170265" started-at="2015-03-27T13:08:14Z" finished-at="2015-03-27T13:11:04Z">
      <class name="com.linkedIn.loginPage.Index.LoginPageIndex">
        <test-method status="PASS" signature="fetchSuiteConfiguration(org.testng.ITestContext)[pri:0, instance:com.linkedIn.loginPage.Index.LoginPageIndex@15a4247]" name="fetchSuiteConfiguration" is-config="true" duration-ms="0" started-at="2015-03-27T18:38:14Z" finished-at="2015-03-27T18:38:14Z">
          <params>
            <param index="0">
              <value>
                <![CDATA[org.testng.TestRunner@a28ff7]]>
              </value>
            </param>
          </params>
          <reporter-output>
          </reporter-output>
        </test-method> <!-- fetchSuiteConfiguration -->
        <test-method status="PASS" signature="setUp(java.lang.reflect.Method)[pri:0, instance:com.linkedIn.loginPage.Index.LoginPageIndex@15a4247]" name="setUp" is-config="true" duration-ms="9670" started-at="2015-03-27T18:38:14Z" finished-at="2015-03-27T18:38:24Z">
          <params>
            <param index="0">
              <value>
                <![CDATA[public void com.linkedIn.loginPage.Index.LoginPageIndex.invalidLastName(java.lang.String,int)]]>
              </value>
            </param>
          </params>
          <reporter-output>
          </reporter-output>
        </test-method> <!-- setUp -->
        <test-method status="PASS" signature="invalidLastName(java.lang.String, int)[pri:0, instance:com.linkedIn.loginPage.Index.LoginPageIndex@15a4247]" name="invalidLastName" duration-ms="18189" started-at="2015-03-27T18:38:24Z" data-provider="invalidlnames" finished-at="2015-03-27T18:38:42Z">
          <params>
            <param index="0">
              <value>
                <![CDATA[]]>
              </value>
            </param>
            <param index="1">
              <value>
                <![CDATA[18]]>
              </value>
            </param>
          </params>
          <reporter-output>
          </reporter-output>
        </test-method> <!-- invalidLastName -->
        <test-method status="PASS" signature="tearDown(org.testng.ITestResult)[pri:0, instance:com.linkedIn.loginPage.Index.LoginPageIndex@15a4247]" name="tearDown" is-config="true" duration-ms="1394" started-at="2015-03-27T18:38:42Z" finished-at="2015-03-27T18:38:43Z">
          <params>
            <param index="0">
              <value>
                <![CDATA[[TestResult name=invalidLastName status=SUCCESS method=LoginPageIndex.invalidLastName(java.lang.String, int)[pri:0, instance:com.linkedIn.loginPage.Index.LoginPageIndex@15a4247] output={null}]]]>
              </value>
            </param>
          </params>
          <reporter-output>
            <line>
              <![CDATA[<h3> <font color=#00FF00> Passed--<img src="passed.png"/>--</font> </h2></br></br>]]>
            </line>
            <line>
              <![CDATA[<font color=238E23>--<img src="passed.png"/></font></br></br>]]>
            </line>
          </reporter-output>
        </test-method> <!-- tearDown -->
        <test-method status="PASS" signature="setUp(java.lang.reflect.Method)[pri:0, instance:com.linkedIn.loginPage.Index.LoginPageIndex@15a4247]" name="setUp" is-config="true" duration-ms="13354" started-at="2015-03-27T18:38:43Z" finished-at="2015-03-27T18:38:57Z">
          <params>
            <param index="0">
              <value>
                <![CDATA[public void com.linkedIn.loginPage.Index.LoginPageIndex.invalidLastName(java.lang.String,int)]]>
              </value>
            </param>
          </params>
          <reporter-output>
          </reporter-output>
        </test-method> <!-- setUp -->
        <test-method status="PASS" signature="invalidLastName(java.lang.String, int)[pri:0, instance:com.linkedIn.loginPage.Index.LoginPageIndex@15a4247]" name="invalidLastName" duration-ms="34665" started-at="2015-03-27T18:38:57Z" data-provider="invalidlnames" finished-at="2015-03-27T18:39:31Z">
          <params>
            <param index="0">
              <value>
                <![CDATA[ Rahul]]>
              </value>
            </param>
            <param index="1">
              <value>
                <![CDATA[19]]>
              </value>
            </param>
          </params>
          <reporter-output>
          </reporter-output>
        </test-method> <!-- invalidLastName -->
        <test-method status="PASS" signature="tearDown(org.testng.ITestResult)[pri:0, instance:com.linkedIn.loginPage.Index.LoginPageIndex@15a4247]" name="tearDown" is-config="true" duration-ms="1423" started-at="2015-03-27T18:39:31Z" finished-at="2015-03-27T18:39:33Z">
          <params>
            <param index="0">
              <value>
                <![CDATA[[TestResult name=invalidLastName status=SUCCESS method=LoginPageIndex.invalidLastName(java.lang.String, int)[pri:0, instance:com.linkedIn.loginPage.Index.LoginPageIndex@15a4247] output={null}]]]>
              </value>
            </param>
          </params>
          <reporter-output>
            <line>
              <![CDATA[<h3> <font color=#00FF00> Passed--<img src="passed.png"/>--</font> </h2></br></br>]]>
            </line>
            <line>
              <![CDATA[<font color=238E23>--<img src="passed.png"/></font></br></br>]]>
            </line>
          </reporter-output>
        </test-method> <!-- tearDown -->
        <test-method status="PASS" signature="setUp(java.lang.reflect.Method)[pri:0, instance:com.linkedIn.loginPage.Index.LoginPageIndex@15a4247]" name="setUp" is-config="true" duration-ms="10369" started-at="2015-03-27T18:39:33Z" finished-at="2015-03-27T18:39:43Z">
          <params>
            <param index="0">
              <value>
                <![CDATA[public void com.linkedIn.loginPage.Index.LoginPageIndex.invalidLastName(java.lang.String,int)]]>
              </value>
            </param>
          </params>
          <reporter-output>
          </reporter-output>
        </test-method> <!-- setUp -->
        <test-method status="PASS" signature="invalidLastName(java.lang.String, int)[pri:0, instance:com.linkedIn.loginPage.Index.LoginPageIndex@15a4247]" name="invalidLastName" duration-ms="31172" started-at="2015-03-27T18:39:43Z" data-provider="invalidlnames" finished-at="2015-03-27T18:40:14Z">
          <params>
            <param index="0">
              <value>
                <![CDATA[R@hu!_]]>
              </value>
            </param>
            <param index="1">
              <value>
                <![CDATA[20]]>
              </value>
            </param>
          </params>
          <reporter-output>
          </reporter-output>
        </test-method> <!-- invalidLastName -->
        <test-method status="PASS" signature="tearDown(org.testng.ITestResult)[pri:0, instance:com.linkedIn.loginPage.Index.LoginPageIndex@15a4247]" name="tearDown" is-config="true" duration-ms="1445" started-at="2015-03-27T18:40:14Z" finished-at="2015-03-27T18:40:16Z">
          <params>
            <param index="0">
              <value>
                <![CDATA[[TestResult name=invalidLastName status=SUCCESS method=LoginPageIndex.invalidLastName(java.lang.String, int)[pri:0, instance:com.linkedIn.loginPage.Index.LoginPageIndex@15a4247] output={null}]]]>
              </value>
            </param>
          </params>
          <reporter-output>
            <line>
              <![CDATA[<h3> <font color=#00FF00> Passed--<img src="passed.png"/>--</font> </h2></br></br>]]>
            </line>
            <line>
              <![CDATA[<font color=238E23>--<img src="passed.png"/></font></br></br>]]>
            </line>
          </reporter-output>
        </test-method> <!-- tearDown -->
        <test-method status="PASS" signature="setUp(java.lang.reflect.Method)[pri:0, instance:com.linkedIn.loginPage.Index.LoginPageIndex@15a4247]" name="setUp" is-config="true" duration-ms="11943" started-at="2015-03-27T18:40:16Z" finished-at="2015-03-27T18:40:28Z">
          <params>
            <param index="0">
              <value>
                <![CDATA[public void com.linkedIn.loginPage.Index.LoginPageIndex.invalidLastName(java.lang.String,int)]]>
              </value>
            </param>
          </params>
          <reporter-output>
          </reporter-output>
        </test-method> <!-- setUp -->
        <test-method status="PASS" signature="invalidLastName(java.lang.String, int)[pri:0, instance:com.linkedIn.loginPage.Index.LoginPageIndex@15a4247]" name="invalidLastName" duration-ms="35234" started-at="2015-03-27T18:40:28Z" data-provider="invalidlnames" finished-at="2015-03-27T18:41:03Z">
          <params>
            <param index="0">
              <value>
                <![CDATA[Rah Ul]]>
              </value>
            </param>
            <param index="1">
              <value>
                <![CDATA[21]]>
              </value>
            </param>
          </params>
          <reporter-output>
          </reporter-output>
        </test-method> <!-- invalidLastName -->
        <test-method status="PASS" signature="tearDown(org.testng.ITestResult)[pri:0, instance:com.linkedIn.loginPage.Index.LoginPageIndex@15a4247]" name="tearDown" is-config="true" duration-ms="1407" started-at="2015-03-27T18:41:03Z" finished-at="2015-03-27T18:41:04Z">
          <params>
            <param index="0">
              <value>
                <![CDATA[[TestResult name=invalidLastName status=SUCCESS method=LoginPageIndex.invalidLastName(java.lang.String, int)[pri:0, instance:com.linkedIn.loginPage.Index.LoginPageIndex@15a4247] output={null}]]]>
              </value>
            </param>
          </params>
          <reporter-output>
            <line>
              <![CDATA[<h3> <font color=#00FF00> Passed--<img src="passed.png"/>--</font> </h2></br></br>]]>
            </line>
            <line>
              <![CDATA[<font color=238E23>--<img src="passed.png"/></font></br></br>]]>
            </line>
          </reporter-output>
        </test-method> <!-- tearDown -->
      </class> <!-- com.linkedIn.loginPage.Index.LoginPageIndex -->
    </test> <!-- Invalid_LastName -->
    <test name="Invalid_Emailid" duration-ms="694819" started-at="2015-03-27T13:11:04Z" finished-at="2015-03-27T13:22:39Z">
      <class name="com.linkedIn.loginPage.Index.LoginPageIndex">
        <test-method status="PASS" signature="getTestInfo(org.testng.ITestContext)[pri:0, instance:com.linkedIn.loginPage.Index.LoginPageIndex@d7ad36]" name="getTestInfo" is-config="true" duration-ms="47" started-at="2015-03-27T18:32:43Z" finished-at="2015-03-27T18:32:43Z">
          <params>
            <param index="0">
              <value>
                <![CDATA[org.testng.TestRunner@99a27a]]>
              </value>
            </param>
          </params>
          <reporter-output>
          </reporter-output>
        </test-method> <!-- getTestInfo -->
        <test-method status="PASS" signature="setUp(java.lang.reflect.Method)[pri:0, instance:com.linkedIn.loginPage.Index.LoginPageIndex@d7ad36]" name="setUp" is-config="true" duration-ms="8747" started-at="2015-03-27T18:41:04Z" finished-at="2015-03-27T18:41:13Z">
          <params>
            <param index="0">
              <value>
                <![CDATA[public void com.linkedIn.loginPage.Index.LoginPageIndex.invalid_emailid(java.lang.String,int)]]>
              </value>
            </param>
          </params>
          <reporter-output>
          </reporter-output>
        </test-method> <!-- setUp -->
        <test-method status="PASS" signature="fetchSuiteConfiguration(org.testng.ITestContext)[pri:0, instance:com.linkedIn.loginPage.Index.LoginPageIndex@d7ad36]" name="fetchSuiteConfiguration" is-config="true" duration-ms="0" started-at="2015-03-27T18:41:04Z" finished-at="2015-03-27T18:41:04Z">
          <params>
            <param index="0">
              <value>
                <![CDATA[org.testng.TestRunner@99a27a]]>
              </value>
            </param>
          </params>
          <reporter-output>
          </reporter-output>
        </test-method> <!-- fetchSuiteConfiguration -->
        <test-method status="PASS" signature="invalid_emailid(java.lang.String, int)[pri:0, instance:com.linkedIn.loginPage.Index.LoginPageIndex@d7ad36]" name="invalid_emailid" duration-ms="33323" started-at="2015-03-27T18:41:13Z" data-provider="invalidmailid" finished-at="2015-03-27T18:41:46Z">
          <params>
            <param index="0">
              <value>
                <![CDATA[ rahul.pandya@mailinator.com]]>
              </value>
            </param>
            <param index="1">
              <value>
                <![CDATA[24]]>
              </value>
            </param>
          </params>
          <reporter-output>
          </reporter-output>
        </test-method> <!-- invalid_emailid -->
        <test-method status="PASS" signature="tearDown(org.testng.ITestResult)[pri:0, instance:com.linkedIn.loginPage.Index.LoginPageIndex@d7ad36]" name="tearDown" is-config="true" duration-ms="1411" started-at="2015-03-27T18:41:46Z" finished-at="2015-03-27T18:41:48Z">
          <params>
            <param index="0">
              <value>
                <![CDATA[[TestResult name=invalid_emailid status=SUCCESS method=LoginPageIndex.invalid_emailid(java.lang.String, int)[pri:0, instance:com.linkedIn.loginPage.Index.LoginPageIndex@d7ad36] output={null}]]]>
              </value>
            </param>
          </params>
          <reporter-output>
            <line>
              <![CDATA[<h3> <font color=#00FF00> Passed--<img src="passed.png"/>--</font> </h2></br></br>]]>
            </line>
            <line>
              <![CDATA[<font color=238E23>--<img src="passed.png"/></font></br></br>]]>
            </line>
          </reporter-output>
        </test-method> <!-- tearDown -->
        <test-method status="PASS" signature="setUp(java.lang.reflect.Method)[pri:0, instance:com.linkedIn.loginPage.Index.LoginPageIndex@d7ad36]" name="setUp" is-config="true" duration-ms="8214" started-at="2015-03-27T18:41:48Z" finished-at="2015-03-27T18:41:56Z">
          <params>
            <param index="0">
              <value>
                <![CDATA[public void com.linkedIn.loginPage.Index.LoginPageIndex.invalid_emailid(java.lang.String,int)]]>
              </value>
            </param>
          </params>
          <reporter-output>
          </reporter-output>
        </test-method> <!-- setUp -->
        <test-method status="PASS" signature="invalid_emailid(java.lang.String, int)[pri:0, instance:com.linkedIn.loginPage.Index.LoginPageIndex@d7ad36]" name="invalid_emailid" duration-ms="18391" started-at="2015-03-27T18:41:56Z" data-provider="invalidmailid" finished-at="2015-03-27T18:42:14Z">
          <params>
            <param index="0">
              <value>
                <![CDATA[rahul.pndya@]]>
              </value>
            </param>
            <param index="1">
              <value>
                <![CDATA[25]]>
              </value>
            </param>
          </params>
          <reporter-output>
          </reporter-output>
        </test-method> <!-- invalid_emailid -->
        <test-method status="PASS" signature="tearDown(org.testng.ITestResult)[pri:0, instance:com.linkedIn.loginPage.Index.LoginPageIndex@d7ad36]" name="tearDown" is-config="true" duration-ms="1403" started-at="2015-03-27T18:42:14Z" finished-at="2015-03-27T18:42:16Z">
          <params>
            <param index="0">
              <value>
                <![CDATA[[TestResult name=invalid_emailid status=SUCCESS method=LoginPageIndex.invalid_emailid(java.lang.String, int)[pri:0, instance:com.linkedIn.loginPage.Index.LoginPageIndex@d7ad36] output={null}]]]>
              </value>
            </param>
          </params>
          <reporter-output>
            <line>
              <![CDATA[<h3> <font color=#00FF00> Passed--<img src="passed.png"/>--</font> </h2></br></br>]]>
            </line>
            <line>
              <![CDATA[<font color=238E23>--<img src="passed.png"/></font></br></br>]]>
            </line>
          </reporter-output>
        </test-method> <!-- tearDown -->
        <test-method status="PASS" signature="setUp(java.lang.reflect.Method)[pri:0, instance:com.linkedIn.loginPage.Index.LoginPageIndex@d7ad36]" name="setUp" is-config="true" duration-ms="11574" started-at="2015-03-27T18:42:16Z" finished-at="2015-03-27T18:42:27Z">
          <params>
            <param index="0">
              <value>
                <![CDATA[public void com.linkedIn.loginPage.Index.LoginPageIndex.invalid_emailid(java.lang.String,int)]]>
              </value>
            </param>
          </params>
          <reporter-output>
          </reporter-output>
        </test-method> <!-- setUp -->
        <test-method status="PASS" signature="invalid_emailid(java.lang.String, int)[pri:0, instance:com.linkedIn.loginPage.Index.LoginPageIndex@d7ad36]" name="invalid_emailid" duration-ms="18393" started-at="2015-03-27T18:42:27Z" data-provider="invalidmailid" finished-at="2015-03-27T18:42:46Z">
          <params>
            <param index="0">
              <value>
                <![CDATA[rahul pandya@mailinator.com]]>
              </value>
            </param>
            <param index="1">
              <value>
                <![CDATA[26]]>
              </value>
            </param>
          </params>
          <reporter-output>
          </reporter-output>
        </test-method> <!-- invalid_emailid -->
        <test-method status="PASS" signature="tearDown(org.testng.ITestResult)[pri:0, instance:com.linkedIn.loginPage.Index.LoginPageIndex@d7ad36]" name="tearDown" is-config="true" duration-ms="1396" started-at="2015-03-27T18:42:46Z" finished-at="2015-03-27T18:42:47Z">
          <params>
            <param index="0">
              <value>
                <![CDATA[[TestResult name=invalid_emailid status=SUCCESS method=LoginPageIndex.invalid_emailid(java.lang.String, int)[pri:0, instance:com.linkedIn.loginPage.Index.LoginPageIndex@d7ad36] output={null}]]]>
              </value>
            </param>
          </params>
          <reporter-output>
            <line>
              <![CDATA[<h3> <font color=#00FF00> Passed--<img src="passed.png"/>--</font> </h2></br></br>]]>
            </line>
            <line>
              <![CDATA[<font color=238E23>--<img src="passed.png"/></font></br></br>]]>
            </line>
          </reporter-output>
        </test-method> <!-- tearDown -->
        <test-method status="PASS" signature="setUp(java.lang.reflect.Method)[pri:0, instance:com.linkedIn.loginPage.Index.LoginPageIndex@d7ad36]" name="setUp" is-config="true" duration-ms="14215" started-at="2015-03-27T18:42:47Z" finished-at="2015-03-27T18:43:01Z">
          <params>
            <param index="0">
              <value>
                <![CDATA[public void com.linkedIn.loginPage.Index.LoginPageIndex.invalid_emailid(java.lang.String,int)]]>
              </value>
            </param>
          </params>
          <reporter-output>
          </reporter-output>
        </test-method> <!-- setUp -->
        <test-method status="PASS" signature="invalid_emailid(java.lang.String, int)[pri:0, instance:com.linkedIn.loginPage.Index.LoginPageIndex@d7ad36]" name="invalid_emailid" duration-ms="18389" started-at="2015-03-27T18:43:01Z" data-provider="invalidmailid" finished-at="2015-03-27T18:43:20Z">
          <params>
            <param index="0">
              <value>
                <![CDATA[rahul.pandyamailinator.com]]>
              </value>
            </param>
            <param index="1">
              <value>
                <![CDATA[27]]>
              </value>
            </param>
          </params>
          <reporter-output>
          </reporter-output>
        </test-method> <!-- invalid_emailid -->
        <test-method status="PASS" signature="tearDown(org.testng.ITestResult)[pri:0, instance:com.linkedIn.loginPage.Index.LoginPageIndex@d7ad36]" name="tearDown" is-config="true" duration-ms="1392" started-at="2015-03-27T18:43:20Z" finished-at="2015-03-27T18:43:21Z">
          <params>
            <param index="0">
              <value>
                <![CDATA[[TestResult name=invalid_emailid status=SUCCESS method=LoginPageIndex.invalid_emailid(java.lang.String, int)[pri:0, instance:com.linkedIn.loginPage.Index.LoginPageIndex@d7ad36] output={null}]]]>
              </value>
            </param>
          </params>
          <reporter-output>
            <line>
              <![CDATA[<h3> <font color=#00FF00> Passed--<img src="passed.png"/>--</font> </h2></br></br>]]>
            </line>
            <line>
              <![CDATA[<font color=238E23>--<img src="passed.png"/></font></br></br>]]>
            </line>
          </reporter-output>
        </test-method> <!-- tearDown -->
        <test-method status="PASS" signature="setUp(java.lang.reflect.Method)[pri:0, instance:com.linkedIn.loginPage.Index.LoginPageIndex@d7ad36]" name="setUp" is-config="true" duration-ms="11141" started-at="2015-03-27T18:43:21Z" finished-at="2015-03-27T18:43:32Z">
          <params>
            <param index="0">
              <value>
                <![CDATA[public void com.linkedIn.loginPage.Index.LoginPageIndex.invalid_emailid(java.lang.String,int)]]>
              </value>
            </param>
          </params>
          <reporter-output>
          </reporter-output>
        </test-method> <!-- setUp -->
        <test-method status="PASS" signature="invalid_emailid(java.lang.String, int)[pri:0, instance:com.linkedIn.loginPage.Index.LoginPageIndex@d7ad36]" name="invalid_emailid" duration-ms="18077" started-at="2015-03-27T18:43:32Z" data-provider="invalidmailid" finished-at="2015-03-27T18:43:50Z">
          <params>
            <param index="0">
              <value>
                <![CDATA[@mailinator.com]]>
              </value>
            </param>
            <param index="1">
              <value>
                <![CDATA[28]]>
              </value>
            </param>
          </params>
          <reporter-output>
          </reporter-output>
        </test-method> <!-- invalid_emailid -->
        <test-method status="PASS" signature="tearDown(org.testng.ITestResult)[pri:0, instance:com.linkedIn.loginPage.Index.LoginPageIndex@d7ad36]" name="tearDown" is-config="true" duration-ms="1384" started-at="2015-03-27T18:43:50Z" finished-at="2015-03-27T18:43:52Z">
          <params>
            <param index="0">
              <value>
                <![CDATA[[TestResult name=invalid_emailid status=SUCCESS method=LoginPageIndex.invalid_emailid(java.lang.String, int)[pri:0, instance:com.linkedIn.loginPage.Index.LoginPageIndex@d7ad36] output={null}]]]>
              </value>
            </param>
          </params>
          <reporter-output>
            <line>
              <![CDATA[<h3> <font color=#00FF00> Passed--<img src="passed.png"/>--</font> </h2></br></br>]]>
            </line>
            <line>
              <![CDATA[<font color=238E23>--<img src="passed.png"/></font></br></br>]]>
            </line>
          </reporter-output>
        </test-method> <!-- tearDown -->
        <test-method status="PASS" signature="setUp(java.lang.reflect.Method)[pri:0, instance:com.linkedIn.loginPage.Index.LoginPageIndex@d7ad36]" name="setUp" is-config="true" duration-ms="10409" started-at="2015-03-27T18:43:52Z" finished-at="2015-03-27T18:44:02Z">
          <params>
            <param index="0">
              <value>
                <![CDATA[public void com.linkedIn.loginPage.Index.LoginPageIndex.invalid_emailid(java.lang.String,int)]]>
              </value>
            </param>
          </params>
          <reporter-output>
          </reporter-output>
        </test-method> <!-- setUp -->
        <test-method status="PASS" signature="invalid_emailid(java.lang.String, int)[pri:0, instance:com.linkedIn.loginPage.Index.LoginPageIndex@d7ad36]" name="invalid_emailid" duration-ms="20722" started-at="2015-03-27T18:44:02Z" data-provider="invalidmailid" finished-at="2015-03-27T18:44:23Z">
          <params>
            <param index="0">
              <value>
                <![CDATA[rahul.pandya00@@mailinator.com]]>
              </value>
            </param>
            <param index="1">
              <value>
                <![CDATA[29]]>
              </value>
            </param>
          </params>
          <reporter-output>
          </reporter-output>
        </test-method> <!-- invalid_emailid -->
        <test-method status="PASS" signature="tearDown(org.testng.ITestResult)[pri:0, instance:com.linkedIn.loginPage.Index.LoginPageIndex@d7ad36]" name="tearDown" is-config="true" duration-ms="1421" started-at="2015-03-27T18:44:23Z" finished-at="2015-03-27T18:44:24Z">
          <params>
            <param index="0">
              <value>
                <![CDATA[[TestResult name=invalid_emailid status=SUCCESS method=LoginPageIndex.invalid_emailid(java.lang.String, int)[pri:0, instance:com.linkedIn.loginPage.Index.LoginPageIndex@d7ad36] output={null}]]]>
              </value>
            </param>
          </params>
          <reporter-output>
            <line>
              <![CDATA[<h3> <font color=#00FF00> Passed--<img src="passed.png"/>--</font> </h2></br></br>]]>
            </line>
            <line>
              <![CDATA[<font color=238E23>--<img src="passed.png"/></font></br></br>]]>
            </line>
          </reporter-output>
        </test-method> <!-- tearDown -->
        <test-method status="PASS" signature="setUp(java.lang.reflect.Method)[pri:0, instance:com.linkedIn.loginPage.Index.LoginPageIndex@d7ad36]" name="setUp" is-config="true" duration-ms="14373" started-at="2015-03-27T18:44:24Z" finished-at="2015-03-27T18:44:39Z">
          <params>
            <param index="0">
              <value>
                <![CDATA[public void com.linkedIn.loginPage.Index.LoginPageIndex.invalid_emailid(java.lang.String,int)]]>
              </value>
            </param>
          </params>
          <reporter-output>
          </reporter-output>
        </test-method> <!-- setUp -->
        <test-method status="PASS" signature="invalid_emailid(java.lang.String, int)[pri:0, instance:com.linkedIn.loginPage.Index.LoginPageIndex@d7ad36]" name="invalid_emailid" duration-ms="34594" started-at="2015-03-27T18:44:39Z" data-provider="invalidmailid" finished-at="2015-03-27T18:45:13Z">
          <params>
            <param index="0">
              <value>
                <![CDATA[rahul..pandya@mailinator.com]]>
              </value>
            </param>
            <param index="1">
              <value>
                <![CDATA[30]]>
              </value>
            </param>
          </params>
          <reporter-output>
          </reporter-output>
        </test-method> <!-- invalid_emailid -->
        <test-method status="PASS" signature="tearDown(org.testng.ITestResult)[pri:0, instance:com.linkedIn.loginPage.Index.LoginPageIndex@d7ad36]" name="tearDown" is-config="true" duration-ms="1454" started-at="2015-03-27T18:45:13Z" finished-at="2015-03-27T18:45:15Z">
          <params>
            <param index="0">
              <value>
                <![CDATA[[TestResult name=invalid_emailid status=SUCCESS method=LoginPageIndex.invalid_emailid(java.lang.String, int)[pri:0, instance:com.linkedIn.loginPage.Index.LoginPageIndex@d7ad36] output={null}]]]>
              </value>
            </param>
          </params>
          <reporter-output>
            <line>
              <![CDATA[<h3> <font color=#00FF00> Passed--<img src="passed.png"/>--</font> </h2></br></br>]]>
            </line>
            <line>
              <![CDATA[<font color=238E23>--<img src="passed.png"/></font></br></br>]]>
            </line>
          </reporter-output>
        </test-method> <!-- tearDown -->
        <test-method status="PASS" signature="setUp(java.lang.reflect.Method)[pri:0, instance:com.linkedIn.loginPage.Index.LoginPageIndex@d7ad36]" name="setUp" is-config="true" duration-ms="8594" started-at="2015-03-27T18:45:15Z" finished-at="2015-03-27T18:45:23Z">
          <params>
            <param index="0">
              <value>
                <![CDATA[public void com.linkedIn.loginPage.Index.LoginPageIndex.invalid_emailid(java.lang.String,int)]]>
              </value>
            </param>
          </params>
          <reporter-output>
          </reporter-output>
        </test-method> <!-- setUp -->
        <test-method status="PASS" signature="invalid_emailid(java.lang.String, int)[pri:0, instance:com.linkedIn.loginPage.Index.LoginPageIndex@d7ad36]" name="invalid_emailid" duration-ms="36283" started-at="2015-03-27T18:45:23Z" data-provider="invalidmailid" finished-at="2015-03-27T18:46:00Z">
          <params>
            <param index="0">
              <value>
                <![CDATA[rahul.pandya@-mailinator.com]]>
              </value>
            </param>
            <param index="1">
              <value>
                <![CDATA[31]]>
              </value>
            </param>
          </params>
          <reporter-output>
          </reporter-output>
        </test-method> <!-- invalid_emailid -->
        <test-method status="PASS" signature="tearDown(org.testng.ITestResult)[pri:0, instance:com.linkedIn.loginPage.Index.LoginPageIndex@d7ad36]" name="tearDown" is-config="true" duration-ms="1424" started-at="2015-03-27T18:46:00Z" finished-at="2015-03-27T18:46:01Z">
          <params>
            <param index="0">
              <value>
                <![CDATA[[TestResult name=invalid_emailid status=SUCCESS method=LoginPageIndex.invalid_emailid(java.lang.String, int)[pri:0, instance:com.linkedIn.loginPage.Index.LoginPageIndex@d7ad36] output={null}]]]>
              </value>
            </param>
          </params>
          <reporter-output>
            <line>
              <![CDATA[<h3> <font color=#00FF00> Passed--<img src="passed.png"/>--</font> </h2></br></br>]]>
            </line>
            <line>
              <![CDATA[<font color=238E23>--<img src="passed.png"/></font></br></br>]]>
            </line>
          </reporter-output>
        </test-method> <!-- tearDown -->
        <test-method status="PASS" signature="setUp(java.lang.reflect.Method)[pri:0, instance:com.linkedIn.loginPage.Index.LoginPageIndex@d7ad36]" name="setUp" is-config="true" duration-ms="8235" started-at="2015-03-27T18:46:01Z" finished-at="2015-03-27T18:46:09Z">
          <params>
            <param index="0">
              <value>
                <![CDATA[public void com.linkedIn.loginPage.Index.LoginPageIndex.invalid_emailid(java.lang.String,int)]]>
              </value>
            </param>
          </params>
          <reporter-output>
          </reporter-output>
        </test-method> <!-- setUp -->
        <test-method status="PASS" signature="invalid_emailid(java.lang.String, int)[pri:0, instance:com.linkedIn.loginPage.Index.LoginPageIndex@d7ad36]" name="invalid_emailid" duration-ms="18799" started-at="2015-03-27T18:46:09Z" data-provider="invalidmailid" finished-at="2015-03-27T18:46:28Z">
          <params>
            <param index="0">
              <value>
                <![CDATA[#$%^%^&%#^&*@mailinator.com]]>
              </value>
            </param>
            <param index="1">
              <value>
                <![CDATA[32]]>
              </value>
            </param>
          </params>
          <reporter-output>
          </reporter-output>
        </test-method> <!-- invalid_emailid -->
        <test-method status="PASS" signature="tearDown(org.testng.ITestResult)[pri:0, instance:com.linkedIn.loginPage.Index.LoginPageIndex@d7ad36]" name="tearDown" is-config="true" duration-ms="1392" started-at="2015-03-27T18:46:28Z" finished-at="2015-03-27T18:46:29Z">
          <params>
            <param index="0">
              <value>
                <![CDATA[[TestResult name=invalid_emailid status=SUCCESS method=LoginPageIndex.invalid_emailid(java.lang.String, int)[pri:0, instance:com.linkedIn.loginPage.Index.LoginPageIndex@d7ad36] output={null}]]]>
              </value>
            </param>
          </params>
          <reporter-output>
            <line>
              <![CDATA[<h3> <font color=#00FF00> Passed--<img src="passed.png"/>--</font> </h2></br></br>]]>
            </line>
            <line>
              <![CDATA[<font color=238E23>--<img src="passed.png"/></font></br></br>]]>
            </line>
          </reporter-output>
        </test-method> <!-- tearDown -->
        <test-method status="PASS" signature="setUp(java.lang.reflect.Method)[pri:0, instance:com.linkedIn.loginPage.Index.LoginPageIndex@d7ad36]" name="setUp" is-config="true" duration-ms="13440" started-at="2015-03-27T18:46:29Z" finished-at="2015-03-27T18:46:43Z">
          <params>
            <param index="0">
              <value>
                <![CDATA[public void com.linkedIn.loginPage.Index.LoginPageIndex.invalid_emailid(java.lang.String,int)]]>
              </value>
            </param>
          </params>
          <reporter-output>
          </reporter-output>
        </test-method> <!-- setUp -->
        <test-method status="PASS" signature="invalid_emailid(java.lang.String, int)[pri:0, instance:com.linkedIn.loginPage.Index.LoginPageIndex@d7ad36]" name="invalid_emailid" duration-ms="20900" started-at="2015-03-27T18:46:43Z" data-provider="invalidmailid" finished-at="2015-03-27T18:47:04Z">
          <params>
            <param index="0">
              <value>
                <![CDATA[Rahul Pandya <rahul.pandya@mailinator.com>]]>
              </value>
            </param>
            <param index="1">
              <value>
                <![CDATA[33]]>
              </value>
            </param>
          </params>
          <reporter-output>
          </reporter-output>
        </test-method> <!-- invalid_emailid -->
        <test-method status="PASS" signature="tearDown(org.testng.ITestResult)[pri:0, instance:com.linkedIn.loginPage.Index.LoginPageIndex@d7ad36]" name="tearDown" is-config="true" duration-ms="1402" started-at="2015-03-27T18:47:04Z" finished-at="2015-03-27T18:47:05Z">
          <params>
            <param index="0">
              <value>
                <![CDATA[[TestResult name=invalid_emailid status=SUCCESS method=LoginPageIndex.invalid_emailid(java.lang.String, int)[pri:0, instance:com.linkedIn.loginPage.Index.LoginPageIndex@d7ad36] output={null}]]]>
              </value>
            </param>
          </params>
          <reporter-output>
            <line>
              <![CDATA[<h3> <font color=#00FF00> Passed--<img src="passed.png"/>--</font> </h2></br></br>]]>
            </line>
            <line>
              <![CDATA[<font color=238E23>--<img src="passed.png"/></font></br></br>]]>
            </line>
          </reporter-output>
        </test-method> <!-- tearDown -->
        <test-method status="PASS" signature="setUp(java.lang.reflect.Method)[pri:0, instance:com.linkedIn.loginPage.Index.LoginPageIndex@d7ad36]" name="setUp" is-config="true" duration-ms="11186" started-at="2015-03-27T18:47:05Z" finished-at="2015-03-27T18:47:16Z">
          <params>
            <param index="0">
              <value>
                <![CDATA[public void com.linkedIn.loginPage.Index.LoginPageIndex.invalid_emailid(java.lang.String,int)]]>
              </value>
            </param>
          </params>
          <reporter-output>
          </reporter-output>
        </test-method> <!-- setUp -->
        <test-method status="PASS" signature="invalid_emailid(java.lang.String, int)[pri:0, instance:com.linkedIn.loginPage.Index.LoginPageIndex@d7ad36]" name="invalid_emailid" duration-ms="19037" started-at="2015-03-27T18:47:16Z" data-provider="invalidmailid" finished-at="2015-03-27T18:47:35Z">
          <params>
            <param index="0">
              <value>
                <![CDATA[rahul.pandya00@mailinator.]]>
              </value>
            </param>
            <param index="1">
              <value>
                <![CDATA[34]]>
              </value>
            </param>
          </params>
          <reporter-output>
          </reporter-output>
        </test-method> <!-- invalid_emailid -->
        <test-method status="PASS" signature="tearDown(org.testng.ITestResult)[pri:0, instance:com.linkedIn.loginPage.Index.LoginPageIndex@d7ad36]" name="tearDown" is-config="true" duration-ms="1349" started-at="2015-03-27T18:47:35Z" finished-at="2015-03-27T18:47:37Z">
          <params>
            <param index="0">
              <value>
                <![CDATA[[TestResult name=invalid_emailid status=SUCCESS method=LoginPageIndex.invalid_emailid(java.lang.String, int)[pri:0, instance:com.linkedIn.loginPage.Index.LoginPageIndex@d7ad36] output={null}]]]>
              </value>
            </param>
          </params>
          <reporter-output>
            <line>
              <![CDATA[<h3> <font color=#00FF00> Passed--<img src="passed.png"/>--</font> </h2></br></br>]]>
            </line>
            <line>
              <![CDATA[<font color=238E23>--<img src="passed.png"/></font></br></br>]]>
            </line>
          </reporter-output>
        </test-method> <!-- tearDown -->
        <test-method status="PASS" signature="setUp(java.lang.reflect.Method)[pri:0, instance:com.linkedIn.loginPage.Index.LoginPageIndex@d7ad36]" name="setUp" is-config="true" duration-ms="17356" started-at="2015-03-27T18:47:37Z" finished-at="2015-03-27T18:47:54Z">
          <params>
            <param index="0">
              <value>
                <![CDATA[public void com.linkedIn.loginPage.Index.LoginPageIndex.invalid_emailid(java.lang.String,int)]]>
              </value>
            </param>
          </params>
          <reporter-output>
          </reporter-output>
        </test-method> <!-- setUp -->
        <test-method status="PASS" signature="invalid_emailid(java.lang.String, int)[pri:0, instance:com.linkedIn.loginPage.Index.LoginPageIndex@d7ad36]" name="invalid_emailid" duration-ms="35028" started-at="2015-03-27T18:47:54Z" data-provider="invalidmailid" finished-at="2015-03-27T18:48:29Z">
          <params>
            <param index="0">
              <value>
                <![CDATA[rahul.pandya@web.net]]>
              </value>
            </param>
            <param index="1">
              <value>
                <![CDATA[35]]>
              </value>
            </param>
          </params>
          <reporter-output>
          </reporter-output>
        </test-method> <!-- invalid_emailid -->
        <test-method status="PASS" signature="tearDown(org.testng.ITestResult)[pri:0, instance:com.linkedIn.loginPage.Index.LoginPageIndex@d7ad36]" name="tearDown" is-config="true" duration-ms="1473" started-at="2015-03-27T18:48:29Z" finished-at="2015-03-27T18:48:31Z">
          <params>
            <param index="0">
              <value>
                <![CDATA[[TestResult name=invalid_emailid status=SUCCESS method=LoginPageIndex.invalid_emailid(java.lang.String, int)[pri:0, instance:com.linkedIn.loginPage.Index.LoginPageIndex@d7ad36] output={null}]]]>
              </value>
            </param>
          </params>
          <reporter-output>
            <line>
              <![CDATA[<h3> <font color=#00FF00> Passed--<img src="passed.png"/>--</font> </h2></br></br>]]>
            </line>
            <line>
              <![CDATA[<font color=238E23>--<img src="passed.png"/></font></br></br>]]>
            </line>
          </reporter-output>
        </test-method> <!-- tearDown -->
        <test-method status="PASS" signature="setUp(java.lang.reflect.Method)[pri:0, instance:com.linkedIn.loginPage.Index.LoginPageIndex@d7ad36]" name="setUp" is-config="true" duration-ms="13452" started-at="2015-03-27T18:48:31Z" finished-at="2015-03-27T18:48:44Z">
          <params>
            <param index="0">
              <value>
                <![CDATA[public void com.linkedIn.loginPage.Index.LoginPageIndex.invalid_emailid(java.lang.String,int)]]>
              </value>
            </param>
          </params>
          <reporter-output>
          </reporter-output>
        </test-method> <!-- setUp -->
        <test-method status="PASS" signature="invalid_emailid(java.lang.String, int)[pri:0, instance:com.linkedIn.loginPage.Index.LoginPageIndex@d7ad36]" name="invalid_emailid" duration-ms="31983" started-at="2015-03-27T18:48:44Z" data-provider="invalidmailid" finished-at="2015-03-27T18:49:16Z">
          <params>
            <param index="0">
              <value>
                <![CDATA[rahul.pandya@111.com]]>
              </value>
            </param>
            <param index="1">
              <value>
                <![CDATA[36]]>
              </value>
            </param>
          </params>
          <reporter-output>
          </reporter-output>
        </test-method> <!-- invalid_emailid -->
        <test-method status="PASS" signature="tearDown(org.testng.ITestResult)[pri:0, instance:com.linkedIn.loginPage.Index.LoginPageIndex@d7ad36]" name="tearDown" is-config="true" duration-ms="1489" started-at="2015-03-27T18:49:16Z" finished-at="2015-03-27T18:49:18Z">
          <params>
            <param index="0">
              <value>
                <![CDATA[[TestResult name=invalid_emailid status=SUCCESS method=LoginPageIndex.invalid_emailid(java.lang.String, int)[pri:0, instance:com.linkedIn.loginPage.Index.LoginPageIndex@d7ad36] output={null}]]]>
              </value>
            </param>
          </params>
          <reporter-output>
            <line>
              <![CDATA[<h3> <font color=#00FF00> Passed--<img src="passed.png"/>--</font> </h2></br></br>]]>
            </line>
            <line>
              <![CDATA[<font color=238E23>--<img src="passed.png"/></font></br></br>]]>
            </line>
          </reporter-output>
        </test-method> <!-- tearDown -->
        <test-method status="PASS" signature="setUp(java.lang.reflect.Method)[pri:0, instance:com.linkedIn.loginPage.Index.LoginPageIndex@d7ad36]" name="setUp" is-config="true" duration-ms="9510" started-at="2015-03-27T18:49:18Z" finished-at="2015-03-27T18:49:27Z">
          <params>
            <param index="0">
              <value>
                <![CDATA[public void com.linkedIn.loginPage.Index.LoginPageIndex.invalid_emailid(java.lang.String,int)]]>
              </value>
            </param>
          </params>
          <reporter-output>
          </reporter-output>
        </test-method> <!-- setUp -->
        <test-method status="PASS" signature="invalid_emailid(java.lang.String, int)[pri:0, instance:com.linkedIn.loginPage.Index.LoginPageIndex@d7ad36]" name="invalid_emailid" duration-ms="18580" started-at="2015-03-27T18:49:27Z" data-provider="invalidmailid" finished-at="2015-03-27T18:49:46Z">
          <params>
            <param index="0">
              <value>
                <![CDATA[rahul.pandya@mailinator.com (Rahul Pandya)]]>
              </value>
            </param>
            <param index="1">
              <value>
                <![CDATA[37]]>
              </value>
            </param>
          </params>
          <reporter-output>
          </reporter-output>
        </test-method> <!-- invalid_emailid -->
        <test-method status="PASS" signature="tearDown(org.testng.ITestResult)[pri:0, instance:com.linkedIn.loginPage.Index.LoginPageIndex@d7ad36]" name="tearDown" is-config="true" duration-ms="1419" started-at="2015-03-27T18:49:46Z" finished-at="2015-03-27T18:49:47Z">
          <params>
            <param index="0">
              <value>
                <![CDATA[[TestResult name=invalid_emailid status=SUCCESS method=LoginPageIndex.invalid_emailid(java.lang.String, int)[pri:0, instance:com.linkedIn.loginPage.Index.LoginPageIndex@d7ad36] output={null}]]]>
              </value>
            </param>
          </params>
          <reporter-output>
            <line>
              <![CDATA[<h3> <font color=#00FF00> Passed--<img src="passed.png"/>--</font> </h2></br></br>]]>
            </line>
            <line>
              <![CDATA[<font color=238E23>--<img src="passed.png"/></font></br></br>]]>
            </line>
          </reporter-output>
        </test-method> <!-- tearDown -->
        <test-method status="PASS" signature="setUp(java.lang.reflect.Method)[pri:0, instance:com.linkedIn.loginPage.Index.LoginPageIndex@d7ad36]" name="setUp" is-config="true" duration-ms="15351" started-at="2015-03-27T18:49:47Z" finished-at="2015-03-27T18:50:02Z">
          <params>
            <param index="0">
              <value>
                <![CDATA[public void com.linkedIn.loginPage.Index.LoginPageIndex.invalid_emailid(java.lang.String,int)]]>
              </value>
            </param>
          </params>
          <reporter-output>
          </reporter-output>
        </test-method> <!-- setUp -->
        <test-method status="PASS" signature="invalid_emailid(java.lang.String, int)[pri:0, instance:com.linkedIn.loginPage.Index.LoginPageIndex@d7ad36]" name="invalid_emailid" duration-ms="33053" started-at="2015-03-27T18:50:02Z" data-provider="invalidmailid" finished-at="2015-03-27T18:50:35Z">
          <params>
            <param index="0">
              <value>
                <![CDATA[rahul.pandya@mailinatorhotmail.com]]>
              </value>
            </param>
            <param index="1">
              <value>
                <![CDATA[38]]>
              </value>
            </param>
          </params>
          <reporter-output>
          </reporter-output>
        </test-method> <!-- invalid_emailid -->
        <test-method status="PASS" signature="tearDown(org.testng.ITestResult)[pri:0, instance:com.linkedIn.loginPage.Index.LoginPageIndex@d7ad36]" name="tearDown" is-config="true" duration-ms="1505" started-at="2015-03-27T18:50:35Z" finished-at="2015-03-27T18:50:37Z">
          <params>
            <param index="0">
              <value>
                <![CDATA[[TestResult name=invalid_emailid status=SUCCESS method=LoginPageIndex.invalid_emailid(java.lang.String, int)[pri:0, instance:com.linkedIn.loginPage.Index.LoginPageIndex@d7ad36] output={null}]]]>
              </value>
            </param>
          </params>
          <reporter-output>
            <line>
              <![CDATA[<h3> <font color=#00FF00> Passed--<img src="passed.png"/>--</font> </h2></br></br>]]>
            </line>
            <line>
              <![CDATA[<font color=238E23>--<img src="passed.png"/></font></br></br>]]>
            </line>
          </reporter-output>
        </test-method> <!-- tearDown -->
        <test-method status="PASS" signature="setUp(java.lang.reflect.Method)[pri:0, instance:com.linkedIn.loginPage.Index.LoginPageIndex@d7ad36]" name="setUp" is-config="true" duration-ms="12246" started-at="2015-03-27T18:50:37Z" finished-at="2015-03-27T18:50:49Z">
          <params>
            <param index="0">
              <value>
                <![CDATA[public void com.linkedIn.loginPage.Index.LoginPageIndex.invalid_emailid(java.lang.String,int)]]>
              </value>
            </param>
          </params>
          <reporter-output>
          </reporter-output>
        </test-method> <!-- setUp -->
        <test-method status="PASS" signature="invalid_emailid(java.lang.String, int)[pri:0, instance:com.linkedIn.loginPage.Index.LoginPageIndex@d7ad36]" name="invalid_emailid" duration-ms="36014" started-at="2015-03-27T18:50:49Z" data-provider="invalidmailid" finished-at="2015-03-27T18:51:25Z">
          <params>
            <param index="0">
              <value>
                <![CDATA[rahul.pandya@xyz.com]]>
              </value>
            </param>
            <param index="1">
              <value>
                <![CDATA[39]]>
              </value>
            </param>
          </params>
          <reporter-output>
          </reporter-output>
        </test-method> <!-- invalid_emailid -->
        <test-method status="PASS" signature="tearDown(org.testng.ITestResult)[pri:0, instance:com.linkedIn.loginPage.Index.LoginPageIndex@d7ad36]" name="tearDown" is-config="true" duration-ms="1423" started-at="2015-03-27T18:51:25Z" finished-at="2015-03-27T18:51:27Z">
          <params>
            <param index="0">
              <value>
                <![CDATA[[TestResult name=invalid_emailid status=SUCCESS method=LoginPageIndex.invalid_emailid(java.lang.String, int)[pri:0, instance:com.linkedIn.loginPage.Index.LoginPageIndex@d7ad36] output={null}]]]>
              </value>
            </param>
          </params>
          <reporter-output>
            <line>
              <![CDATA[<h3> <font color=#00FF00> Passed--<img src="passed.png"/>--</font> </h2></br></br>]]>
            </line>
            <line>
              <![CDATA[<font color=238E23>--<img src="passed.png"/></font></br></br>]]>
            </line>
          </reporter-output>
        </test-method> <!-- tearDown -->
        <test-method status="PASS" signature="setUp(java.lang.reflect.Method)[pri:0, instance:com.linkedIn.loginPage.Index.LoginPageIndex@d7ad36]" name="setUp" is-config="true" duration-ms="9731" started-at="2015-03-27T18:51:27Z" finished-at="2015-03-27T18:51:36Z">
          <params>
            <param index="0">
              <value>
                <![CDATA[public void com.linkedIn.loginPage.Index.LoginPageIndex.invalid_emailid(java.lang.String,int)]]>
              </value>
            </param>
          </params>
          <reporter-output>
          </reporter-output>
        </test-method> <!-- setUp -->
        <test-method status="PASS" signature="invalid_emailid(java.lang.String, int)[pri:0, instance:com.linkedIn.loginPage.Index.LoginPageIndex@d7ad36]" name="invalid_emailid" duration-ms="18760" started-at="2015-03-27T18:51:36Z" data-provider="invalidmailid" finished-at="2015-03-27T18:51:55Z">
          <params>
            <param index="0">
              <value>
                <![CDATA[]]>
              </value>
            </param>
            <param index="1">
              <value>
                <![CDATA[40]]>
              </value>
            </param>
          </params>
          <reporter-output>
          </reporter-output>
        </test-method> <!-- invalid_emailid -->
        <test-method status="PASS" signature="tearDown(org.testng.ITestResult)[pri:0, instance:com.linkedIn.loginPage.Index.LoginPageIndex@d7ad36]" name="tearDown" is-config="true" duration-ms="1372" started-at="2015-03-27T18:51:55Z" finished-at="2015-03-27T18:51:56Z">
          <params>
            <param index="0">
              <value>
                <![CDATA[[TestResult name=invalid_emailid status=SUCCESS method=LoginPageIndex.invalid_emailid(java.lang.String, int)[pri:0, instance:com.linkedIn.loginPage.Index.LoginPageIndex@d7ad36] output={null}]]]>
              </value>
            </param>
          </params>
          <reporter-output>
            <line>
              <![CDATA[<h3> <font color=#00FF00> Passed--<img src="passed.png"/>--</font> </h2></br></br>]]>
            </line>
            <line>
              <![CDATA[<font color=238E23>--<img src="passed.png"/></font></br></br>]]>
            </line>
          </reporter-output>
        </test-method> <!-- tearDown -->
        <test-method status="PASS" signature="setUp(java.lang.reflect.Method)[pri:0, instance:com.linkedIn.loginPage.Index.LoginPageIndex@d7ad36]" name="setUp" is-config="true" duration-ms="9583" started-at="2015-03-27T18:51:56Z" finished-at="2015-03-27T18:52:06Z">
          <params>
            <param index="0">
              <value>
                <![CDATA[public void com.linkedIn.loginPage.Index.LoginPageIndex.invalid_emailid(java.lang.String,int)]]>
              </value>
            </param>
          </params>
          <reporter-output>
          </reporter-output>
        </test-method> <!-- setUp -->
        <test-method status="PASS" signature="invalid_emailid(java.lang.String, int)[pri:0, instance:com.linkedIn.loginPage.Index.LoginPageIndex@d7ad36]" name="invalid_emailid" duration-ms="31594" started-at="2015-03-27T18:52:06Z" data-provider="invalidmailid" finished-at="2015-03-27T18:52:38Z">
          <params>
            <param index="0">
              <value>
                <![CDATA[pandya.rahul00@gmail.com]]>
              </value>
            </param>
            <param index="1">
              <value>
                <![CDATA[41]]>
              </value>
            </param>
          </params>
          <reporter-output>
          </reporter-output>
        </test-method> <!-- invalid_emailid -->
        <test-method status="PASS" signature="tearDown(org.testng.ITestResult)[pri:0, instance:com.linkedIn.loginPage.Index.LoginPageIndex@d7ad36]" name="tearDown" is-config="true" duration-ms="1431" started-at="2015-03-27T18:52:38Z" finished-at="2015-03-27T18:52:39Z">
          <params>
            <param index="0">
              <value>
                <![CDATA[[TestResult name=invalid_emailid status=SUCCESS method=LoginPageIndex.invalid_emailid(java.lang.String, int)[pri:0, instance:com.linkedIn.loginPage.Index.LoginPageIndex@d7ad36] output={null}]]]>
              </value>
            </param>
          </params>
          <reporter-output>
            <line>
              <![CDATA[<h3> <font color=#00FF00> Passed--<img src="passed.png"/>--</font> </h2></br></br>]]>
            </line>
            <line>
              <![CDATA[<font color=238E23>--<img src="passed.png"/></font></br></br>]]>
            </line>
          </reporter-output>
        </test-method> <!-- tearDown -->
      </class> <!-- com.linkedIn.loginPage.Index.LoginPageIndex -->
    </test> <!-- Invalid_Emailid -->
  </suite> <!-- suite -->
</testng-results>
